producer_class	xtools.gsea.GseaPreranked
producer_timestamp	1565126656745
param	collapse	false
param	plot_top_x	20
param	rnk	/Users/dhaan/git/UCSC_LURE/./rankedfile_58663178.rnk
param	norm	meandiv
param	scoring_scheme	weighted
param	make_sets	true
param	mode	Max_probe
param	gmx	./input/positive_control_SF3B1_missense.gmt
param	gui	false
param	rpt_label	my_analysis
param	help	false
param	out	/Users/dhaan/git/UCSC_LURE/./GSEA_reports/58663178
param	include_only_symbols	true
param	set_min	5
param	nperm	1000
param	rnd_seed	1234
param	zip_report	false
param	set_max	500

file	./GSEA_reports/58663178/my_analysis.GseaPreranked.1565126656745/index.html
